<?xml version="1.0" encoding="UTF-8"?>
<testsuite name="com.efrei.AppTest" tests="1" skipped="0" failures="0" errors="0" timestamp="2014-12-05T07:51:44" hostname="DQçš„PC" time="0.001">
  <properties/>
  <testcase name="testApp" classname="com.efrei.AppTest" time="0.001"/>
  <system-out><![CDATA[]]></system-out>
  <system-err><![CDATA[]]></system-err>
</testsuite>
